<?xml version="1.0"?><coverage lines-covered="3159" lines-valid="9831" line-rate="0.32133048519987795" branches-covered="0" branches-valid="0" branch-rate="0" complexity="0" version="1.9" timestamp="1709195394"><sources><source>/media/psf/Developer/memberlist</source></sources><packages><package name="core/src" line-rate="0.3447309417040359" branch-rate="0" complexity="0"><classes><class name="api" filename="core/src/api.rs" line-rate="0.1511627906976744" branch-rate="0" complexity="0"><methods/><lines><line number="30" hits="52"/><line number="31" hits="52"/><line number="36" hits="0"/><line number="37" hits="0"/><line number="42" hits="88"/><line number="43" hits="88"/><line number="48" hits="46"/><line number="49" hits="46"/><line number="54" hits="2"/><line number="55" hits="2"/><line number="60" hits="0"/><line number="63" hits="0"/><line number="65" hits="0"/><line number="66" hits="0"/><line number="67" hits="0"/><line number="68" hits="0"/><line number="73" hits="0"/><line number="77" hits="0"/><line number="79" hits="0"/><line number="80" hits="0"/><line number="81" hits="0"/><line number="82" hits="0"/><line number="87" hits="0"/><line number="90" hits="0"/><line number="91" hits="0"/><line number="92" hits="0"/><line number="93" hits="0"/><line number="94" hits="0"/><line number="95" hits="0"/><line number="97" hits="0"/><line number="103" hits="8"/><line number="104" hits="8"/><line number="108" hits="0"/><line number="111" hits="0"/><line number="112" hits="0"/><line number="113" hits="0"/><line number="114" hits="0"/><line number="115" hits="0"/><line number="116" hits="0"/><line number="118" hits="0"/><line number="119" hits="0"/><line number="124" hits="0"/><line number="125" hits="0"/><line number="126" hits="0"/><line number="127" hits="0"/><line number="128" hits="0"/><line number="129" hits="0"/><line number="130" hits="0"/><line number="132" hits="0"/><line number="137" hits="0"/><line number="141" hits="0"/><line number="142" hits="0"/><line number="143" hits="0"/><line number="144" hits="0"/><line number="145" hits="0"/><line number="146" hits="0"/><line number="148" hits="0"/><line number="149" hits="0"/><line number="154" hits="0"/><line number="158" hits="0"/><line number="159" hits="0"/><line number="160" hits="0"/><line number="161" hits="0"/><line number="162" hits="0"/><line number="163" hits="0"/><line number="165" hits="0"/><line number="170" hits="0"/><line number="174" hits="0"/><line number="175" hits="0"/><line number="176" hits="0"/><line number="177" hits="0"/><line number="178" hits="0"/><line number="179" hits="0"/><line number="181" hits="0"/><line number="194" hits="8"/><line number="199" hits="8"/><line number="212" hits="2"/><line number="217" hits="2"/><line number="220" hits="10"/><line number="225" hits="20"/><line number="226" hits="22"/><line number="227" hits="0"/><line number="229" hits="8"/><line number="232" hits="0"/><line number="233" hits="0"/><line number="237" hits="10"/><line number="239" hits="10"/><line number="240" hits="10"/><line number="241" hits="10"/><line number="243" hits="10"/><line number="244" hits="10"/><line number="245" hits="0"/><line number="246" hits="10"/><line number="259" hits="0"/><line number="260" hits="0"/><line number="262" hits="0"/><line number="263" hits="0"/><line number="266" hits="0"/><line number="267" hits="0"/><line number="269" hits="0"/><line number="270" hits="0"/><line number="276" hits="0"/><line number="278" hits="0"/><line number="279" hits="0"/><line number="280" hits="0"/><line number="283" hits="0"/><line number="284" hits="0"/><line number="285" hits="0"/><line number="288" hits="0"/><line number="289" hits="0"/><line number="290" hits="0"/><line number="291" hits="0"/><line number="292" hits="0"/><line number="293" hits="0"/><line number="296" hits="0"/><line number="297" hits="0"/><line number="298" hits="0"/><line number="300" hits="0"/><line number="305" hits="0"/><line number="308" hits="0"/><line number="312" hits="12"/><line number="313" hits="12"/><line number="314" hits="0"/><line number="317" hits="6"/><line number="318" hits="6"/><line number="319" hits="6"/><line number="320" hits="0"/><line number="321" hits="0"/><line number="322" hits="0"/><line number="323" hits="0"/><line number="324" hits="0"/><line number="325" hits="0"/><line number="327" hits="16"/><line number="339" hits="0"/><line number="346" hits="0"/><line number="347" hits="0"/><line number="348" hits="0"/><line number="349" hits="0"/><line number="350" hits="0"/><line number="351" hits="0"/><line number="352" hits="0"/><line number="355" hits="0"/><line number="357" hits="0"/><line number="359" hits="0"/><line number="360" hits="0"/><line number="361" hits="0"/><line number="362" hits="0"/><line number="363" hits="0"/><line number="364" hits="0"/><line number="365" hits="0"/><line number="366" hits="0"/><line number="367" hits="0"/><line number="368" hits="0"/><line number="369" hits="0"/><line number="370" hits="0"/><line number="371" hits="0"/><line number="372" hits="0"/><line number="374" hits="0"/><line number="379" hits="0"/><line number="380" hits="0"/><line number="381" hits="0"/><line number="382" hits="0"/><line number="383" hits="0"/><line number="384" hits="0"/><line number="385" hits="0"/><line number="386" hits="0"/><line number="387" hits="0"/><line number="389" hits="0"/><line number="390" hits="0"/><line number="392" hits="0"/><line number="395" hits="0"/><line number="397" hits="0"/><line number="398" hits="0"/><line number="399" hits="0"/><line number="400" hits="0"/><line number="401" hits="0"/><line number="402" hits="0"/><line number="403" hits="0"/><line number="405" hits="0"/><line number="409" hits="0"/><line number="411" hits="0"/><line number="412" hits="0"/><line number="415" hits="0"/><line number="416" hits="0"/><line number="417" hits="0"/><line number="425" hits="0"/><line number="426" hits="0"/><line number="434" hits="0"/><line number="435" hits="0"/><line number="436" hits="0"/><line number="440" hits="0"/><line number="441" hits="0"/><line number="442" hits="0"/><line number="443" hits="0"/><line number="445" hits="0"/><line number="447" hits="0"/><line number="452" hits="0"/><line number="453" hits="0"/><line number="455" hits="0"/><line number="457" hits="0"/><line number="458" hits="0"/><line number="463" hits="0"/><line number="466" hits="0"/><line number="467" hits="0"/><line number="469" hits="0"/><line number="470" hits="0"/><line number="473" hits="0"/><line number="474" hits="0"/><line number="475" hits="0"/><line number="476" hits="0"/><line number="477" hits="0"/><line number="480" hits="0"/><line number="481" hits="0"/><line number="486" hits="0"/><line number="494" hits="2"/><line number="499" hits="4"/><line number="500" hits="0"/><line number="502" hits="2"/><line number="510" hits="2"/><line number="515" hits="4"/><line number="516" hits="0"/><line number="518" hits="4"/><line number="522" hits="0"/><line number="527" hits="0"/><line number="529" hits="0"/><line number="530" hits="0"/><line number="531" hits="0"/><line number="534" hits="0"/><line number="535" hits="0"/><line number="536" hits="0"/><line number="537" hits="0"/><line number="538" hits="0"/><line number="539" hits="0"/><line number="540" hits="0"/><line number="545" hits="0"/><line number="546" hits="0"/><line number="547" hits="0"/><line number="549" hits="0"/><line number="551" hits="0"/><line number="552" hits="0"/><line number="553" hits="0"/><line number="555" hits="0"/><line number="556" hits="0"/><line number="558" hits="0"/><line number="560" hits="0"/><line number="567" hits="0"/><line number="570" hits="0"/><line number="571" hits="0"/><line number="573" hits="0"/><line number="574" hits="0"/><line number="575" hits="0"/><line number="579" hits="0"/><line number="583" hits="0"/><line number="584" hits="0"/><line number="586" hits="0"/><line number="588" hits="0"/><line number="598" hits="116"/><line number="599" hits="293"/></lines></class><class name="awareness" filename="core/src/awareness.rs" line-rate="0.8125" branch-rate="0" complexity="0"><methods/><lines><line number="28" hits="58"/><line number="33" hits="58"/><line number="42" hits="96"/><line number="43" hits="48"/><line number="44" hits="48"/><line number="45" hits="48"/><line number="46" hits="48"/><line number="47" hits="96"/><line number="48" hits="48"/><line number="49" hits="48"/><line number="50" hits="0"/><line number="64" hits="0"/><line number="65" hits="0"/><line number="70" hits="48"/><line number="71" hits="48"/><line number="72" hits="48"/></lines></class><class name="base" filename="core/src/base.rs" line-rate="0.5604395604395604" branch-rate="0" complexity="0"><methods/><lines><line number="42" hits="58"/><line number="44" hits="58"/><line number="45" hits="58"/><line number="46" hits="58"/><line number="47" hits="58"/><line number="48" hits="58"/><line number="68" hits="58"/><line number="70" hits="58"/><line number="71" hits="58"/><line number="85" hits="634"/><line number="86" hits="634"/><line number="177" hits="0"/><line number="185" hits="0"/><line number="186" hits="0"/><line number="187" hits="0"/><line number="189" hits="0"/><line number="193" hits="0"/><line number="195" hits="0"/><line number="196" hits="0"/><line number="197" hits="0"/><line number="198" hits="0"/><line number="199" hits="0"/><line number="200" hits="0"/><line number="217" hits="58"/><line number="219" hits="58"/><line number="220" hits="58"/><line number="227" hits="0"/><line number="228" hits="0"/><line number="229" hits="0"/><line number="230" hits="0"/><line number="234" hits="0"/><line number="263" hits="116"/><line number="264" hits="58"/><line number="265" hits="0"/><line number="268" hits="116"/><line number="269" hits="151"/><line number="274" hits="142"/><line number="275" hits="0"/><line number="276" hits="0"/><line number="279" hits="58"/><line number="284" hits="58"/><line number="285" hits="58"/><line number="318" hits="300"/><line number="320" hits="300"/><line number="321" hits="300"/><line number="333" hits="58"/><line number="345" hits="58"/><line number="346" hits="58"/><line number="351" hits="58"/><line number="352" hits="58"/><line number="353" hits="58"/><line number="355" hits="58"/><line number="356" hits="58"/><line number="357" hits="58"/><line number="359" hits="58"/><line number="360" hits="58"/><line number="361" hits="76"/><line number="362" hits="18"/><line number="366" hits="58"/><line number="368" hits="58"/><line number="369" hits="58"/><line number="371" hits="58"/><line number="390" hits="58"/><line number="393" hits="58"/><line number="394" hits="58"/><line number="395" hits="58"/><line number="397" hits="58"/><line number="399" hits="116"/><line number="400" hits="58"/><line number="413" hits="0"/><line number="414" hits="0"/><line number="419" hits="0"/><line number="420" hits="0"/><line number="421" hits="0"/><line number="422" hits="0"/><line number="423" hits="0"/><line number="424" hits="0"/><line number="425" hits="0"/><line number="427" hits="0"/><line number="437" hits="0"/><line number="438" hits="0"/><line number="440" hits="0"/><line number="441" hits="0"/><line number="442" hits="0"/><line number="443" hits="0"/><line number="444" hits="0"/><line number="446" hits="0"/><line number="447" hits="0"/><line number="448" hits="0"/><line number="455" hits="148"/><line number="461" hits="148"/></lines></class><class name="broadcast" filename="core/src/broadcast.rs" line-rate="0.6610169491525424" branch-rate="0" complexity="0"><methods/><lines><line number="43" hits="0"/><line number="44" hits="0"/><line number="59" hits="0"/><line number="60" hits="0"/><line number="61" hits="0"/><line number="62" hits="0"/><line number="90" hits="146"/><line number="91" hits="146"/><line number="94" hits="0"/><line number="95" hits="0"/><line number="98" hits="112"/><line number="99" hits="112"/><line number="102" hits="112"/><line number="103" hits="112"/><line number="106" hits="20"/><line number="107" hits="10"/><line number="108" hits="0"/><line number="109" hits="0"/><line number="110" hits="0"/><line number="112" hits="0"/><line number="118" hits="44"/><line number="119" hits="44"/><line number="129" hits="42"/><line number="135" hits="42"/><line number="139" hits="2"/><line number="144" hits="2"/><line number="148" hits="44"/><line number="154" hits="44"/><line number="155" hits="44"/><line number="156" hits="44"/><line number="157" hits="44"/><line number="158" hits="44"/><line number="159" hits="44"/><line number="160" hits="44"/><line number="161" hits="44"/><line number="163" hits="0"/><line number="170" hits="250"/><line number="178" hits="500"/><line number="179" hits="250"/><line number="180" hits="250"/><line number="181" hits="250"/><line number="182" hits="0"/><line number="185" hits="392"/><line number="187" hits="0"/><line number="188" hits="200"/><line number="189" hits="100"/><line number="193" hits="142"/><line number="194" hits="142"/><line number="195" hits="142"/><line number="196" hits="142"/><line number="197" hits="142"/><line number="198" hits="0"/><line number="199" hits="0"/><line number="200" hits="0"/><line number="201" hits="0"/><line number="203" hits="0"/><line number="204" hits="142"/><line number="205" hits="142"/><line number="210" hits="250"/></lines></class><class name="delegate" filename="core/src/delegate.rs" line-rate="0.41025641025641024" branch-rate="0" complexity="0"><methods/><lines><line number="42" hits="0"/><line number="43" hits="0"/><line number="44" hits="0"/><line number="45" hits="0"/><line number="51" hits="0"/><line number="52" hits="0"/><line number="53" hits="0"/><line number="54" hits="0"/><line number="64" hits="0"/><line number="65" hits="0"/><line number="70" hits="0"/><line number="71" hits="0"/><line number="97" hits="0"/><line number="98" hits="0"/><line number="108" hits="48"/><line number="109" hits="48"/><line number="116" hits="60"/><line number="117" hits="60"/><line number="126" hits="176"/><line number="130" hits="176"/><line number="139" hits="2"/><line number="143" hits="2"/><line number="151" hits="0"/><line number="163" hits="108"/><line number="164" hits="54"/><line number="167" hits="24"/><line number="175" hits="0"/><line number="176" hits="0"/><line number="184" hits="40"/><line number="186" hits="0"/><line number="188" hits="0"/><line number="192" hits="0"/><line number="193" hits="0"/><line number="196" hits="0"/><line number="198" hits="34"/><line number="207" hits="34"/><line number="210" hits="16"/><line number="211" hits="8"/><line number="214" hits="0"/></lines></class><class name="error" filename="core/src/error.rs" line-rate="0.075" branch-rate="0" complexity="0"><methods/><lines><line number="34" hits="0"/><line number="35" hits="0"/><line number="43" hits="0"/><line number="44" hits="0"/><line number="45" hits="0"/><line number="48" hits="0"/><line number="49" hits="0"/><line number="50" hits="0"/><line number="51" hits="0"/><line number="55" hits="0"/><line number="63" hits="0"/><line number="64" hits="0"/><line number="65" hits="0"/><line number="68" hits="0"/><line number="69" hits="0"/><line number="70" hits="0"/><line number="71" hits="0"/><line number="75" hits="0"/><line number="89" hits="0"/><line number="90" hits="0"/><line number="94" hits="0"/><line number="97" hits="0"/><line number="106" hits="0"/><line number="107" hits="0"/><line number="151" hits="0"/><line number="152" hits="0"/><line number="159" hits="0"/><line number="160" hits="0"/><line number="165" hits="12"/><line number="171" hits="0"/><line number="177" hits="2"/><line number="178" hits="2"/><line number="183" hits="0"/><line number="184" hits="0"/><line number="189" hits="0"/><line number="190" hits="0"/><line number="194" hits="0"/><line number="195" hits="0"/><line number="196" hits="0"/><line number="197" hits="0"/></lines></class><class name="lib" filename="core/src/lib.rs" line-rate="0.9230769230769231" branch-rate="0" complexity="0"><methods/><lines><line number="103" hits="54"/><line number="104" hits="54"/><line number="122" hits="64"/><line number="125" hits="64"/><line number="126" hits="64"/><line number="127" hits="64"/><line number="128" hits="64"/><line number="129" hits="0"/><line number="132" hits="64"/><line number="136" hits="64"/><line number="140" hits="64"/><line number="143" hits="64"/><line number="144" hits="64"/><line number="145" hits="64"/><line number="146" hits="64"/><line number="147" hits="0"/><line number="150" hits="64"/><line number="154" hits="64"/><line number="158" hits="54"/><line number="163" hits="54"/><line number="164" hits="54"/><line number="167" hits="54"/><line number="169" hits="54"/><line number="170" hits="55"/><line number="171" hits="3"/><line number="172" hits="1"/><line number="173" hits="1"/><line number="174" hits="1"/><line number="175" hits="1"/><line number="176" hits="1"/><line number="177" hits="1"/><line number="178" hits="1"/><line number="179" hits="1"/><line number="180" hits="1"/><line number="182" hits="1"/><line number="187" hits="48"/><line number="198" hits="48"/><line number="199" hits="0"/><line number="200" hits="144"/></lines></class><class name="network" filename="core/src/network.rs" line-rate="0.8888888888888888" branch-rate="0" complexity="0"><methods/><lines><line number="32" hits="48"/><line number="38" hits="84"/><line number="39" hits="48"/><line number="40" hits="48"/><line number="41" hits="48"/><line number="42" hits="24"/><line number="44" hits="36"/><line number="45" hits="0"/><line number="50" hits="12"/><line number="53" hits="36"/><line number="55" hits="36"/><line number="56" hits="36"/><line number="57" hits="72"/><line number="58" hits="36"/><line number="59" hits="36"/><line number="60" hits="108"/><line number="61" hits="0"/><line number="62" hits="24"/><line number="63" hits="0"/><line number="64" hits="12"/><line number="67" hits="12"/><line number="68" hits="0"/><line number="71" hits="12"/><line number="73" hits="12"/><line number="74" hits="12"/><line number="75" hits="12"/><line number="83" hits="72"/><line number="89" hits="144"/><line number="90" hits="72"/><line number="91" hits="72"/><line number="92" hits="72"/><line number="93" hits="6"/><line number="94" hits="72"/><line number="95" hits="0"/><line number="99" hits="0"/><line number="101" hits="0"/><line number="107" hits="72"/><line number="109" hits="72"/><line number="111" hits="72"/><line number="112" hits="72"/><line number="113" hits="72"/><line number="114" hits="216"/><line number="116" hits="0"/><line number="117" hits="70"/><line number="118" hits="136"/><line number="119" hits="70"/><line number="120" hits="70"/><line number="121" hits="70"/><line number="122" hits="70"/><line number="124" hits="0"/><line number="126" hits="70"/><line number="128" hits="0"/><line number="132" hits="122"/><line number="137" hits="122"/><line number="138" hits="122"/><line number="139" hits="122"/><line number="140" hits="122"/><line number="141" hits="26"/><line number="142" hits="244"/><line number="143" hits="122"/><line number="145" hits="122"/><line number="146" hits="122"/><line number="147" hits="122"/><line number="149" hits="122"/><line number="152" hits="122"/><line number="155" hits="18"/><line number="160" hits="18"/><line number="161" hits="18"/><line number="162" hits="18"/><line number="163" hits="18"/><line number="164" hits="8"/><line number="165" hits="36"/><line number="166" hits="18"/><line number="168" hits="18"/><line number="169" hits="18"/><line number="170" hits="18"/><line number="172" hits="18"/><line number="175" hits="18"/><line number="178" hits="188"/><line number="183" hits="188"/><line number="184" hits="188"/><line number="185" hits="188"/><line number="186" hits="188"/><line number="187" hits="0"/><line number="188" hits="376"/><line number="189" hits="188"/><line number="191" hits="188"/><line number="192" hits="188"/><line number="193" hits="188"/><line number="195" hits="188"/><line number="198" hits="188"/><line number="199" hits="188"/><line number="202" hits="188"/><line number="213" hits="188"/><line number="214" hits="188"/><line number="215" hits="188"/><line number="216" hits="188"/><line number="217" hits="108"/><line number="218" hits="188"/></lines></class><class name="options" filename="core/src/options.rs" line-rate="0.3793103448275862" branch-rate="0" complexity="0"><methods/><lines><line number="168" hits="58"/><line number="169" hits="58"/><line number="175" hits="0"/><line number="176" hits="0"/><line number="186" hits="58"/><line number="188" hits="58"/><line number="193" hits="58"/><line number="194" hits="58"/><line number="195" hits="58"/><line number="198" hits="58"/><line number="200" hits="58"/><line number="205" hits="58"/><line number="207" hits="58"/><line number="215" hits="0"/><line number="216" hits="0"/><line number="217" hits="0"/><line number="219" hits="0"/><line number="220" hits="0"/><line number="221" hits="0"/><line number="223" hits="0"/><line number="224" hits="0"/><line number="231" hits="0"/><line number="232" hits="0"/><line number="233" hits="0"/><line number="237" hits="0"/><line number="238" hits="0"/><line number="239" hits="0"/><line number="240" hits="0"/><line number="241" hits="0"/></lines></class><class name="queue" filename="core/src/queue.rs" line-rate="0.5208333333333334" branch-rate="0" complexity="0"><methods/><lines><line number="24" hits="34"/><line number="25" hits="34"/><line number="26" hits="68"/><line number="27" hits="0"/><line number="30" hits="52"/><line number="33" hits="18"/><line number="37" hits="68"/><line number="38" hits="136"/><line number="39" hits="0"/><line number="41" hits="68"/><line number="47" hits="18"/><line number="48" hits="18"/><line number="49" hits="0"/><line number="51" hits="18"/><line number="52" hits="18"/><line number="53" hits="18"/><line number="54" hits="0"/><line number="72" hits="58"/><line number="74" hits="58"/><line number="76" hits="58"/><line number="85" hits="0"/><line number="86" hits="0"/><line number="90" hits="0"/><line number="91" hits="0"/><line number="92" hits="0"/><line number="93" hits="0"/><line number="96" hits="250"/><line number="102" hits="250"/><line number="103" hits="500"/><line number="104" hits="250"/><line number="105" hits="232"/><line number="108" hits="18"/><line number="112" hits="18"/><line number="113" hits="18"/><line number="114" hits="18"/><line number="115" hits="18"/><line number="116" hits="70"/><line number="117" hits="52"/><line number="118" hits="52"/><line number="119" hits="0"/><line number="124" hits="52"/><line number="129" hits="52"/><line number="134" hits="52"/><line number="135" hits="52"/><line number="137" hits="154"/><line number="138" hits="34"/><line number="141" hits="0"/><line number="142" hits="34"/><line number="143" hits="34"/><line number="144" hits="34"/><line number="146" hits="34"/><line number="149" hits="34"/><line number="150" hits="34"/><line number="151" hits="10"/><line number="158" hits="24"/><line number="159" hits="24"/><line number="162" hits="0"/><line number="163" hits="18"/><line number="164" hits="18"/><line number="169" hits="90"/><line number="170" hits="24"/><line number="173" hits="18"/><line number="177" hits="88"/><line number="178" hits="44"/><line number="181" hits="88"/><line number="182" hits="88"/><line number="183" hits="44"/><line number="184" hits="0"/><line number="186" hits="44"/><line number="188" hits="44"/><line number="192" hits="44"/><line number="194" hits="44"/><line number="197" hits="44"/><line number="200" hits="44"/><line number="201" hits="0"/><line number="202" hits="0"/><line number="203" hits="0"/><line number="205" hits="0"/><line number="207" hits="0"/><line number="208" hits="0"/><line number="209" hits="0"/><line number="210" hits="0"/><line number="213" hits="0"/><line number="214" hits="0"/><line number="215" hits="0"/><line number="217" hits="0"/><line number="220" hits="0"/><line number="225" hits="44"/><line number="229" hits="0"/><line number="230" hits="0"/><line number="231" hits="0"/><line number="232" hits="0"/><line number="233" hits="0"/><line number="234" hits="0"/><line number="237" hits="0"/><line number="238" hits="0"/><line number="244" hits="0"/><line number="245" hits="0"/><line number="247" hits="0"/><line number="248" hits="0"/><line number="249" hits="0"/><line number="250" hits="0"/><line number="252" hits="0"/><line number="270" hits="102"/><line number="272" hits="102"/><line number="279" hits="0"/><line number="280" hits="0"/><line number="287" hits="0"/><line number="288" hits="0"/><line number="293" hits="70"/><line number="294" hits="70"/><line number="295" hits="70"/><line number="296" hits="70"/><line number="297" hits="210"/><line number="298" hits="210"/><line number="309" hits="0"/><line number="310" hits="0"/><line number="315" hits="68"/><line number="317" hits="68"/><line number="318" hits="68"/><line number="319" hits="68"/><line number="320" hits="170"/><line number="321" hits="136"/><line number="328" hits="0"/><line number="332" hits="0"/><line number="336" hits="0"/><line number="337" hits="0"/><line number="338" hits="0"/><line number="339" hits="0"/><line number="341" hits="0"/><line number="343" hits="0"/><line number="344" hits="0"/><line number="347" hits="0"/><line number="348" hits="0"/><line number="352" hits="0"/><line number="353" hits="0"/><line number="355" hits="0"/><line number="362" hits="0"/><line number="363" hits="0"/><line number="365" hits="0"/><line number="366" hits="0"/><line number="367" hits="0"/><line number="368" hits="0"/><line number="370" hits="0"/></lines></class><class name="state" filename="core/src/state.rs" line-rate="0.43128654970760233" branch-rate="0" complexity="0"><methods/><lines><line number="45" hits="82"/><line number="47" hits="82"/><line number="48" hits="82"/><line number="49" hits="82"/><line number="50" hits="82"/><line number="58" hits="2906"/><line number="59" hits="2906"/><line number="65" hits="48"/><line number="66" hits="96"/><line number="78" hits="50"/><line number="79" hits="50"/><line number="80" hits="50"/><line number="81" hits="50"/><line number="82" hits="50"/><line number="83" hits="50"/><line number="84" hits="50"/><line number="89" hits="10"/><line number="90" hits="10"/><line number="91" hits="10"/><line number="92" hits="10"/><line number="93" hits="10"/><line number="94" hits="10"/><line number="95" hits="10"/><line number="100" hits="0"/><line number="101" hits="0"/><line number="102" hits="0"/><line number="103" hits="0"/><line number="104" hits="0"/><line number="105" hits="0"/><line number="106" hits="0"/><line number="111" hits="71"/><line number="112" hits="71"/><line number="113" hits="71"/><line number="114" hits="71"/><line number="115" hits="71"/><line number="116" hits="71"/><line number="120" hits="10"/><line number="121" hits="10"/><line number="125" hits="348"/><line number="126" hits="348"/><line number="127" hits="348"/><line number="128" hits="348"/><line number="129" hits="348"/><line number="130" hits="348"/><line number="143" hits="72"/><line number="149" hits="0"/><line number="150" hits="0"/><line number="151" hits="0"/><line number="152" hits="0"/><line number="155" hits="292"/><line number="156" hits="70"/><line number="159" hits="0"/><line number="165" hits="0"/><line number="166" hits="0"/><line number="168" hits="0"/><line number="171" hits="0"/><line number="173" hits="0"/><line number="174" hits="0"/><line number="178" hits="0"/><line number="181" hits="0"/><line number="182" hits="0"/><line number="185" hits="0"/><line number="186" hits="0"/><line number="187" hits="0"/><line number="190" hits="0"/><line number="192" hits="0"/><line number="193" hits="0"/><line number="194" hits="0"/><line number="195" hits="0"/><line number="197" hits="0"/><line number="199" hits="0"/><line number="203" hits="0"/><line number="205" hits="0"/><line number="206" hits="0"/><line number="207" hits="0"/><line number="209" hits="0"/><line number="211" hits="0"/><line number="216" hits="0"/><line number="220" hits="0"/><line number="221" hits="0"/><line number="222" hits="0"/><line number="223" hits="0"/><line number="227" hits="0"/><line number="228" hits="0"/><line number="230" hits="0"/><line number="232" hits="0"/><line number="235" hits="0"/><line number="236" hits="0"/><line number="239" hits="0"/><line number="242" hits="0"/><line number="243" hits="0"/><line number="245" hits="0"/><line number="246" hits="0"/><line number="249" hits="0"/><line number="251" hits="0"/><line number="252" hits="0"/><line number="259" hits="0"/><line number="260" hits="0"/><line number="261" hits="0"/><line number="263" hits="0"/><line number="267" hits="0"/><line number="268" hits="0"/><line number="272" hits="0"/><line number="273" hits="0"/><line number="274" hits="0"/><line number="275" hits="0"/><line number="276" hits="0"/><line number="277" hits="0"/><line number="278" hits="0"/><line number="280" hits="0"/><line number="283" hits="0"/><line number="285" hits="0"/><line number="290" hits="0"/><line number="292" hits="0"/><line number="298" hits="0"/><line number="299" hits="0"/><line number="300" hits="0"/><line number="301" hits="0"/><line number="302" hits="0"/><line number="303" hits="0"/><line number="304" hits="0"/><line number="310" hits="0"/><line number="315" hits="0"/><line number="316" hits="0"/><line number="317" hits="0"/><line number="322" hits="0"/><line number="323" hits="0"/><line number="324" hits="0"/><line number="326" hits="0"/><line number="328" hits="0"/><line number="329" hits="0"/><line number="330" hits="0"/><line number="331" hits="0"/><line number="332" hits="0"/><line number="333" hits="0"/><line number="334" hits="0"/><line number="335" hits="0"/><line number="336" hits="0"/><line number="337" hits="0"/><line number="338" hits="0"/><line number="339" hits="0"/><line number="341" hits="0"/><line number="342" hits="0"/><line number="343" hits="0"/><line number="344" hits="0"/><line number="345" hits="0"/><line number="346" hits="0"/><line number="347" hits="0"/><line number="348" hits="0"/><line number="349" hits="0"/><line number="352" hits="0"/><line number="357" hits="0"/><line number="358" hits="0"/><line number="360" hits="0"/><line number="361" hits="0"/><line number="362" hits="0"/><line number="363" hits="0"/><line number="365" hits="0"/><line number="369" hits="0"/><line number="370" hits="0"/><line number="371" hits="0"/><line number="372" hits="0"/><line number="373" hits="0"/><line number="375" hits="0"/><line number="376" hits="0"/><line number="377" hits="0"/><line number="378" hits="0"/><line number="382" hits="0"/><line number="385" hits="0"/><line number="390" hits="338"/><line number="396" hits="676"/><line number="402" hits="338"/><line number="403" hits="0"/><line number="406" hits="338"/><line number="407" hits="338"/><line number="408" hits="338"/><line number="409" hits="338"/><line number="410" hits="338"/><line number="411" hits="338"/><line number="412" hits="338"/><line number="418" hits="176"/><line number="419" hits="0"/><line number="420" hits="0"/><line number="421" hits="0"/><line number="425" hits="338"/><line number="426" hits="304"/><line number="428" hits="0"/><line number="429" hits="0"/><line number="430" hits="0"/><line number="431" hits="0"/><line number="432" hits="0"/><line number="436" hits="0"/><line number="437" hits="0"/><line number="440" hits="0"/><line number="441" hits="0"/><line number="442" hits="0"/><line number="444" hits="0"/><line number="447" hits="0"/><line number="448" hits="0"/><line number="450" hits="0"/><line number="451" hits="0"/><line number="452" hits="0"/><line number="453" hits="0"/><line number="454" hits="0"/><line number="455" hits="0"/><line number="456" hits="0"/><line number="457" hits="0"/><line number="460" hits="0"/><line number="462" hits="0"/><line number="466" hits="34"/><line number="467" hits="0"/><line number="468" hits="0"/><line number="473" hits="34"/><line number="474" hits="34"/><line number="482" hits="34"/><line number="483" hits="34"/><line number="486" hits="34"/><line number="487" hits="34"/><line number="488" hits="34"/><line number="490" hits="34"/><line number="493" hits="34"/><line number="494" hits="34"/><line number="495" hits="34"/><line number="498" hits="34"/><line number="501" hits="338"/><line number="502" hits="338"/><line number="503" hits="338"/><line number="505" hits="338"/><line number="506" hits="856"/><line number="507" hits="148"/><line number="510" hits="348"/><line number="511" hits="0"/><line number="515" hits="190"/><line number="518" hits="190"/><line number="519" hits="190"/><line number="522" hits="370"/><line number="523" hits="148"/><line number="536" hits="148"/><line number="537" hits="148"/><line number="538" hits="148"/><line number="539" hits="148"/><line number="541" hits="148"/><line number="543" hits="0"/><line number="544" hits="0"/><line number="546" hits="42"/><line number="548" hits="42"/><line number="549" hits="42"/><line number="550" hits="42"/><line number="552" hits="0"/><line number="555" hits="42"/><line number="556" hits="42"/><line number="557" hits="42"/><line number="558" hits="42"/><line number="559" hits="42"/><line number="560" hits="42"/><line number="561" hits="42"/><line number="562" hits="42"/><line number="563" hits="42"/><line number="564" hits="42"/><line number="565" hits="42"/><line number="567" hits="84"/><line number="568" hits="42"/><line number="569" hits="42"/><line number="576" hits="0"/><line number="580" hits="70"/><line number="581" hits="8"/><line number="583" hits="20"/><line number="584" hits="20"/><line number="585" hits="0"/><line number="586" hits="8"/><line number="588" hits="0"/><line number="589" hits="0"/><line number="590" hits="0"/><line number="595" hits="148"/><line number="599" hits="444"/><line number="600" hits="0"/><line number="601" hits="0"/><line number="602" hits="0"/><line number="603" hits="0"/><line number="606" hits="0"/><line number="607" hits="296"/><line number="608" hits="296"/><line number="609" hits="296"/><line number="610" hits="296"/><line number="611" hits="296"/><line number="613" hits="296"/><line number="614" hits="296"/><line number="615" hits="0"/><line number="616" hits="0"/><line number="617" hits="0"/><line number="618" hits="0"/><line number="619" hits="0"/><line number="622" hits="0"/><line number="623" hits="0"/><line number="624" hits="0"/><line number="625" hits="0"/><line number="632" hits="592"/><line number="633" hits="296"/><line number="634" hits="296"/><line number="635" hits="296"/><line number="636" hits="296"/><line number="637" hits="296"/><line number="638" hits="296"/><line number="640" hits="0"/><line number="641" hits="0"/><line number="642" hits="0"/><line number="643" hits="0"/><line number="647" hits="0"/><line number="648" hits="0"/><line number="649" hits="0"/><line number="650" hits="0"/><line number="653" hits="0"/><line number="654" hits="148"/><line number="656" hits="1184"/><line number="663" hits="0"/><line number="667" hits="0"/><line number="669" hits="0"/><line number="670" hits="0"/><line number="672" hits="0"/><line number="673" hits="0"/><line number="674" hits="0"/><line number="675" hits="0"/><line number="676" hits="0"/><line number="680" hits="0"/><line number="681" hits="0"/><line number="682" hits="0"/><line number="686" hits="0"/><line number="687" hits="0"/><line number="690" hits="0"/><line number="696" hits="20"/><line number="734" hits="20"/><line number="735" hits="20"/><line number="737" hits="10"/><line number="738" hits="10"/><line number="739" hits="10"/><line number="740" hits="10"/><line number="741" hits="10"/><line number="742" hits="10"/><line number="743" hits="10"/><line number="745" hits="0"/><line number="750" hits="10"/><line number="751" hits="10"/><line number="755" hits="20"/><line number="756" hits="10"/><line number="757" hits="10"/><line number="758" hits="10"/><line number="759" hits="10"/><line number="760" hits="10"/><line number="761" hits="10"/><line number="763" hits="0"/><line number="768" hits="219"/><line number="770" hits="461"/><line number="772" hits="10"/><line number="776" hits="10"/><line number="777" hits="10"/><line number="779" hits="10"/><line number="780" hits="10"/><line number="782" hits="20"/><line number="783" hits="36"/><line number="784" hits="36"/><line number="785" hits="36"/><line number="789" hits="67"/><line number="790" hits="67"/><line number="791" hits="67"/><line number="792" hits="301"/><line number="793" hits="234"/><line number="794" hits="234"/><line number="796" hits="234"/><line number="803" hits="96"/><line number="805" hits="48"/><line number="806" hits="48"/><line number="807" hits="0"/><line number="808" hits="96"/><line number="811" hits="48"/><line number="812" hits="0"/><line number="816" hits="48"/><line number="817" hits="0"/><line number="818" hits="0"/><line number="819" hits="0"/><line number="820" hits="0"/><line number="821" hits="0"/><line number="825" hits="48"/><line number="826" hits="48"/><line number="827" hits="96"/><line number="828" hits="0"/><line number="832" hits="48"/><line number="833" hits="48"/><line number="834" hits="48"/><line number="835" hits="0"/><line number="836" hits="0"/><line number="840" hits="96"/><line number="841" hits="48"/><line number="845" hits="48"/><line number="850" hits="48"/><line number="851" hits="48"/><line number="852" hits="48"/><line number="853" hits="48"/><line number="859" hits="48"/><line number="860" hits="48"/><line number="861" hits="48"/><line number="862" hits="48"/><line number="866" hits="48"/><line number="867" hits="48"/><line number="869" hits="48"/><line number="877" hits="48"/><line number="878" hits="48"/><line number="879" hits="48"/><line number="882" hits="48"/><line number="883" hits="48"/><line number="890" hits="48"/><line number="894" hits="48"/><line number="895" hits="48"/><line number="896" hits="48"/><line number="897" hits="48"/><line number="898" hits="48"/><line number="899" hits="48"/><line number="900" hits="48"/><line number="903" hits="48"/><line number="904" hits="96"/><line number="905" hits="48"/><line number="906" hits="48"/><line number="907" hits="96"/><line number="909" hits="48"/><line number="910" hits="48"/><line number="911" hits="48"/><line number="912" hits="0"/><line number="914" hits="48"/><line number="915" hits="0"/><line number="916" hits="0"/><line number="917" hits="0"/><line number="918" hits="0"/><line number="919" hits="0"/><line number="920" hits="0"/><line number="921" hits="0"/><line number="922" hits="0"/><line number="923" hits="0"/><line number="924" hits="0"/><line number="925" hits="0"/><line number="927" hits="0"/><line number="930" hits="0"/><line number="935" hits="0"/><line number="936" hits="0"/><line number="937" hits="0"/><line number="939" hits="0"/><line number="940" hits="0"/><line number="941" hits="0"/><line number="942" hits="0"/><line number="944" hits="0"/><line number="946" hits="0"/><line number="947" hits="0"/><line number="948" hits="0"/><line number="949" hits="0"/><line number="950" hits="0"/><line number="951" hits="0"/><line number="952" hits="0"/><line number="953" hits="0"/><line number="954" hits="0"/><line number="955" hits="0"/><line number="956" hits="0"/><line number="957" hits="0"/><line number="959" hits="0"/><line number="962" hits="0"/><line number="972" hits="48"/><line number="974" hits="48"/><line number="977" hits="171"/><line number="978" hits="171"/><line number="979" hits="171"/><line number="980" hits="171"/><line number="981" hits="171"/><line number="982" hits="171"/><line number="983" hits="171"/><line number="984" hits="171"/><line number="985" hits="171"/><line number="988" hits="171"/><line number="993" hits="171"/><line number="994" hits="171"/><line number="995" hits="171"/><line number="999" hits="171"/><line number="1001" hits="171"/><line number="1005" hits="171"/><line number="1012" hits="171"/><line number="1016" hits="0"/><line number="1018" hits="0"/><line number="1019" hits="0"/><line number="1020" hits="0"/><line number="1021" hits="0"/><line number="1022" hits="0"/><line number="1023" hits="0"/><line number="1025" hits="0"/><line number="1028" hits="0"/><line number="1038" hits="0"/><line number="1039" hits="0"/><line number="1040" hits="0"/><line number="1041" hits="0"/><line number="1042" hits="0"/><line number="1043" hits="0"/><line number="1044" hits="0"/><line number="1046" hits="0"/><line number="1047" hits="0"/><line number="1048" hits="0"/><line number="1050" hits="0"/><line number="1054" hits="0"/><line number="1058" hits="0"/><line number="1061" hits="0"/><line number="1062" hits="0"/><line number="1065" hits="0"/><line number="1066" hits="0"/><line number="1067" hits="0"/><line number="1068" hits="0"/><line number="1069" hits="0"/><line number="1070" hits="0"/><line number="1071" hits="0"/><line number="1072" hits="0"/><line number="1073" hits="0"/><line number="1077" hits="0"/><line number="1079" hits="0"/><line number="1091" hits="0"/><line number="1093" hits="0"/><line number="1094" hits="0"/><line number="1095" hits="0"/><line number="1097" hits="0"/><line number="1098" hits="0"/><line number="1099" hits="0"/><line number="1100" hits="0"/><line number="1101" hits="0"/><line number="1102" hits="0"/><line number="1103" hits="0"/><line number="1104" hits="0"/><line number="1106" hits="0"/><line number="1110" hits="0"/><line number="1111" hits="0"/><line number="1114" hits="0"/><line number="1115" hits="0"/><line number="1119" hits="0"/><line number="1120" hits="0"/><line number="1131" hits="0"/><line number="1132" hits="0"/><line number="1133" hits="0"/><line number="1134" hits="0"/><line number="1135" hits="0"/><line number="1144" hits="0"/><line number="1145" hits="0"/><line number="1146" hits="0"/><line number="1147" hits="0"/><line number="1148" hits="0"/><line number="1149" hits="0"/><line number="1161" hits="0"/><line number="1162" hits="0"/><line number="1163" hits="0"/><line number="1164" hits="0"/><line number="1165" hits="0"/><line number="1168" hits="0"/><line number="1172" hits="0"/><line number="1174" hits="0"/><line number="1175" hits="0"/><line number="1176" hits="0"/><line number="1178" hits="0"/><line number="1179" hits="0"/><line number="1185" hits="0"/><line number="1186" hits="0"/><line number="1190" hits="0"/><line number="1191" hits="0"/><line number="1195" hits="0"/><line number="1196" hits="0"/><line number="1197" hits="0"/><line number="1198" hits="0"/><line number="1199" hits="0"/><line number="1200" hits="0"/><line number="1204" hits="0"/><line number="1205" hits="0"/><line number="1206" hits="0"/><line number="1207" hits="0"/><line number="1208" hits="0"/><line number="1211" hits="0"/><line number="1216" hits="240"/><line number="1218" hits="0"/><line number="1219" hits="0"/><line number="1220" hits="0"/><line number="1221" hits="0"/><line number="1225" hits="120"/><line number="1226" hits="240"/><line number="1227" hits="120"/><line number="1228" hits="120"/><line number="1229" hits="120"/><line number="1230" hits="0"/><line number="1231" hits="0"/><line number="1233" hits="360"/><line number="1234" hits="240"/><line number="1235" hits="120"/><line number="1238" hits="120"/><line number="1239" hits="120"/><line number="1240" hits="0"/><line number="1241" hits="0"/><line number="1242" hits="0"/><line number="1244" hits="0"/><line number="1247" hits="0"/><line number="1251" hits="120"/><line number="1255" hits="120"/><line number="1256" hits="120"/><line number="1257" hits="240"/><line number="1259" hits="240"/><line number="1260" hits="120"/><line number="1261" hits="120"/><line number="1262" hits="120"/><line number="1263" hits="120"/><line number="1265" hits="0"/><line number="1267" hits="120"/><line number="1268" hits="0"/><line number="1269" hits="0"/><line number="1270" hits="0"/><line number="1273" hits="120"/><line number="1274" hits="112"/><line number="1277" hits="8"/><line number="1278" hits="240"/><line number="1280" hits="368"/><line number="1281" hits="16"/><line number="1282" hits="0"/><line number="1284" hits="0"/><line number="1285" hits="0"/><line number="1289" hits="16"/><line number="1291" hits="10"/><line number="1292" hits="0"/><line number="1297" hits="2"/><line number="1298" hits="130"/><line number="1305" hits="132"/><line number="1307" hits="66"/><line number="1308" hits="132"/><line number="1309" hits="66"/><line number="1310" hits="66"/><line number="1311" hits="66"/><line number="1312" hits="0"/><line number="1313" hits="0"/><line number="1315" hits="198"/><line number="1316" hits="198"/><line number="1317" hits="66"/><line number="1319" hits="66"/><line number="1323" hits="66"/><line number="1326" hits="66"/><line number="1327" hits="0"/><line number="1330" hits="66"/><line number="1332" hits="132"/><line number="1333" hits="0"/><line number="1342" hits="0"/><line number="1348" hits="0"/><line number="1349" hits="0"/><line number="1350" hits="0"/><line number="1352" hits="0"/><line number="1355" hits="0"/><line number="1358" hits="0"/><line number="1361" hits="0"/><line number="1363" hits="0"/><line number="1364" hits="0"/><line number="1366" hits="0"/><line number="1371" hits="0"/><line number="1372" hits="0"/><line number="1373" hits="0"/><line number="1374" hits="0"/><line number="1375" hits="0"/><line number="1382" hits="67"/><line number="1391" hits="67"/><line number="1392" hits="67"/><line number="1395" hits="0"/><line number="1396" hits="0"/><line number="1400" hits="34"/><line number="1401" hits="34"/><line number="1402" hits="10"/><line number="1404" hits="24"/><line number="1408" hits="186"/><line number="1412" hits="186"/><line number="1413" hits="186"/><line number="1414" hits="0"/><line number="1418" hits="186"/><line number="1419" hits="186"/><line number="1421" hits="744"/><line number="1422" hits="186"/><line number="1423" hits="186"/><line number="1424" hits="186"/><line number="1425" hits="252"/><line number="1426" hits="0"/><line number="1430" hits="186"/><line number="1431" hits="186"/><line number="1435" hits="20"/><line number="1436" hits="20"/><line number="1437" hits="20"/></lines></class><class name="suspicion" filename="core/src/suspicion.rs" line-rate="0" branch-rate="0" complexity="0"><methods/><lines><line number="15" hits="0"/><line number="22" hits="0"/><line number="23" hits="0"/><line number="24" hits="0"/><line number="25" hits="0"/><line number="26" hits="0"/><line number="28" hits="0"/><line number="53" hits="0"/><line number="61" hits="0"/><line number="62" hits="0"/><line number="63" hits="0"/><line number="64" hits="0"/><line number="65" hits="0"/><line number="71" hits="0"/><line number="88" hits="0"/><line number="89" hits="0"/><line number="90" hits="0"/><line number="93" hits="0"/><line number="94" hits="0"/><line number="97" hits="0"/><line number="103" hits="0"/><line number="104" hits="0"/><line number="105" hits="0"/><line number="107" hits="0"/><line number="108" hits="0"/><line number="109" hits="0"/><line number="111" hits="0"/><line number="112" hits="0"/><line number="113" hits="0"/><line number="114" hits="0"/><line number="118" hits="0"/><line number="123" hits="0"/><line number="124" hits="0"/><line number="140" hits="0"/><line number="145" hits="0"/><line number="146" hits="0"/><line number="155" hits="0"/><line number="160" hits="0"/><line number="161" hits="0"/><line number="162" hits="0"/><line number="164" hits="0"/><line number="165" hits="0"/><line number="167" hits="0"/><line number="168" hits="0"/><line number="169" hits="0"/><line number="173" hits="0"/><line number="174" hits="0"/><line number="183" hits="0"/><line number="184" hits="0"/><line number="185" hits="0"/><line number="186" hits="0"/><line number="187" hits="0"/><line number="189" hits="0"/><line number="190" hits="0"/><line number="191" hits="0"/><line number="192" hits="0"/><line number="193" hits="0"/><line number="199" hits="0"/><line number="200" hits="0"/><line number="201" hits="0"/><line number="202" hits="0"/><line number="203" hits="0"/><line number="204" hits="0"/><line number="205" hits="0"/><line number="207" hits="0"/><line number="208" hits="0"/><line number="209" hits="0"/><line number="210" hits="0"/><line number="211" hits="0"/></lines></class><class name="timer" filename="core/src/timer.rs" line-rate="1" branch-rate="0" complexity="0"><methods/><lines><line number="12" hits="50"/><line number="18" hits="50"/><line number="19" hits="50"/><line number="21" hits="100"/><line number="22" hits="50"/><line number="23" hits="176"/><line number="24" hits="176"/><line number="25" hits="176"/><line number="26" hits="176"/><line number="28" hits="176"/><line number="31" hits="50"/><line number="40" hits="100"/><line number="41" hits="50"/></lines></class><class name="transport" filename="core/src/transport.rs" line-rate="0.07352941176470588" branch-rate="0" complexity="0"><methods/><lines><line number="31" hits="0"/><line number="32" hits="0"/><line number="33" hits="0"/><line number="34" hits="0"/><line number="40" hits="0"/><line number="41" hits="0"/><line number="42" hits="0"/><line number="43" hits="0"/><line number="49" hits="0"/><line number="50" hits="0"/><line number="51" hits="0"/><line number="52" hits="0"/><line number="58" hits="0"/><line number="59" hits="0"/><line number="60" hits="0"/><line number="61" hits="0"/><line number="67" hits="0"/><line number="68" hits="0"/><line number="69" hits="0"/><line number="70" hits="0"/><line number="71" hits="0"/><line number="79" hits="0"/><line number="80" hits="0"/><line number="81" hits="0"/><line number="82" hits="0"/><line number="90" hits="6"/><line number="91" hits="6"/><line number="96" hits="0"/><line number="97" hits="0"/><line number="102" hits="0"/><line number="103" hits="0"/><line number="108" hits="0"/><line number="109" hits="0"/><line number="114" hits="0"/><line number="115" hits="0"/><line number="116" hits="0"/><line number="117" hits="0"/><line number="123" hits="0"/><line number="124" hits="0"/><line number="125" hits="0"/><line number="126" hits="0"/><line number="132" hits="0"/><line number="135" hits="0"/><line number="136" hits="0"/><line number="137" hits="0"/><line number="143" hits="0"/><line number="144" hits="0"/><line number="145" hits="0"/><line number="146" hits="0"/><line number="152" hits="0"/><line number="153" hits="0"/><line number="154" hits="0"/><line number="155" hits="0"/><line number="161" hits="0"/><line number="162" hits="0"/><line number="163" hits="0"/><line number="164" hits="0"/><line number="189" hits="338"/><line number="190" hits="338"/><line number="191" hits="338"/><line number="194" hits="0"/><line number="195" hits="0"/><line number="243" hits="0"/><line number="244" hits="0"/><line number="245" hits="0"/><line number="246" hits="0"/><line number="250" hits="0"/><line number="251" hits="0"/></lines></class><class name="util" filename="core/src/util.rs" line-rate="0.4921875" branch-rate="0" complexity="0"><methods/><lines><line number="6" hits="18"/><line number="7" hits="18"/><line number="8" hits="18"/><line number="24" hits="0"/><line number="26" hits="0"/><line number="27" hits="0"/><line number="28" hits="0"/><line number="29" hits="0"/><line number="30" hits="0"/><line number="31" hits="0"/><line number="35" hits="0"/><line number="36" hits="0"/><line number="37" hits="0"/><line number="38" hits="0"/><line number="39" hits="0"/><line number="41" hits="0"/><line number="45" hits="0"/><line number="72" hits="140"/><line number="73" hits="140"/><line number="74" hits="122"/><line number="75" hits="18"/><line number="83" hits="280"/><line number="84" hits="280"/><line number="85" hits="0"/><line number="86" hits="244"/><line number="87" hits="244"/><line number="88" hits="244"/><line number="89" hits="0"/><line number="90" hits="36"/><line number="91" hits="36"/><line number="92" hits="36"/><line number="98" hits="140"/><line number="99" hits="140"/><line number="100" hits="122"/><line number="101" hits="18"/><line number="107" hits="0"/><line number="108" hits="0"/><line number="109" hits="0"/><line number="110" hits="0"/><line number="135" hits="18"/><line number="149" hits="18"/><line number="150" hits="18"/><line number="151" hits="18"/><line number="152" hits="18"/><line number="154" hits="18"/><line number="155" hits="0"/><line number="158" hits="18"/><line number="159" hits="0"/><line number="160" hits="0"/><line number="161" hits="0"/><line number="162" hits="0"/><line number="164" hits="0"/><line number="167" hits="18"/><line number="168" hits="44"/><line number="169" hits="44"/><line number="170" hits="44"/><line number="171" hits="0"/><line number="172" hits="0"/><line number="173" hits="0"/><line number="175" hits="0"/><line number="178" hits="44"/><line number="181" hits="44"/><line number="183" hits="18"/><line number="185" hits="0"/><line number="186" hits="0"/><line number="187" hits="0"/><line number="191" hits="0"/><line number="192" hits="0"/><line number="193" hits="0"/><line number="195" hits="0"/><line number="199" hits="18"/><line number="201" hits="0"/><line number="202" hits="0"/><line number="203" hits="0"/><line number="207" hits="0"/><line number="208" hits="0"/><line number="209" hits="0"/><line number="211" hits="0"/><line number="214" hits="18"/><line number="215" hits="18"/><line number="216" hits="18"/><line number="218" hits="18"/><line number="222" hits="26"/><line number="224" hits="0"/><line number="225" hits="0"/><line number="226" hits="0"/><line number="230" hits="0"/><line number="231" hits="0"/><line number="232" hits="0"/><line number="233" hits="0"/><line number="237" hits="26"/><line number="239" hits="0"/><line number="240" hits="0"/><line number="241" hits="0"/><line number="245" hits="0"/><line number="246" hits="0"/><line number="247" hits="0"/><line number="248" hits="0"/><line number="251" hits="26"/><line number="252" hits="26"/><line number="255" hits="0"/><line number="259" hits="18"/><line number="275" hits="18"/><line number="276" hits="18"/><line number="277" hits="18"/><line number="278" hits="18"/><line number="279" hits="18"/><line number="280" hits="18"/><line number="281" hits="18"/><line number="283" hits="18"/><line number="284" hits="18"/><line number="285" hits="54"/><line number="286" hits="0"/><line number="287" hits="0"/><line number="288" hits="0"/><line number="289" hits="0"/><line number="290" hits="0"/><line number="293" hits="0"/><line number="294" hits="18"/><line number="295" hits="18"/><line number="296" hits="18"/><line number="297" hits="18"/><line number="298" hits="106"/><line number="299" hits="44"/><line number="301" hits="18"/><line number="302" hits="18"/><line number="303" hits="18"/><line number="308" hits="18"/></lines></class><class name="version" filename="core/src/version.rs" line-rate="0.3333333333333333" branch-rate="0" complexity="0"><methods/><lines><line number="7" hits="0"/><line number="8" hits="0"/><line number="37" hits="0"/><line number="38" hits="0"/><line number="39" hits="0"/><line number="46" hits="338"/><line number="47" hits="338"/><line number="48" hits="338"/><line number="49" hits="0"/><line number="77" hits="0"/><line number="78" hits="0"/><line number="107" hits="0"/><line number="108" hits="0"/><line number="109" hits="0"/><line number="116" hits="338"/><line number="117" hits="338"/><line number="118" hits="338"/><line number="119" hits="0"/></lines></class></classes></package><package name="transports/quic/src/stream_layer" line-rate="0.3731060606060606" branch-rate="0" complexity="0"><classes><class name="quinn" filename="transports/quic/src/stream_layer/quinn.rs" line-rate="0.7079207920792079" branch-rate="0" complexity="0"><methods/><lines><line number="35" hits="108"/><line number="37" hits="108"/><line number="50" hits="58"/><line number="51" hits="58"/><line number="54" hits="108"/><line number="58" hits="108"/><line number="60" hits="108"/><line number="61" hits="216"/><line number="62" hits="0"/><line number="64" hits="108"/><line number="65" hits="0"/><line number="66" hits="0"/><line number="67" hits="0"/><line number="68" hits="0"/><line number="71" hits="108"/><line number="72" hits="0"/><line number="73" hits="108"/><line number="74" hits="108"/><line number="76" hits="108"/><line number="81" hits="108"/><line number="83" hits="108"/><line number="92" hits="108"/><line number="93" hits="108"/><line number="96" hits="108"/><line number="109" hits="0"/><line number="111" hits="0"/><line number="112" hits="0"/><line number="113" hits="0"/><line number="123" hits="284"/><line number="124" hits="224"/><line number="125" hits="142"/><line number="127" hits="116"/><line number="128" hits="138"/><line number="129" hits="82"/><line number="130" hits="82"/><line number="131" hits="82"/><line number="132" hits="82"/><line number="133" hits="82"/><line number="137" hits="84"/><line number="138" hits="42"/><line number="139" hits="42"/><line number="142" hits="22"/><line number="143" hits="22"/><line number="162" hits="192"/><line number="163" hits="96"/><line number="164" hits="96"/><line number="165" hits="96"/><line number="166" hits="96"/><line number="167" hits="84"/><line number="168" hits="96"/><line number="169" hits="211"/><line number="170" hits="84"/><line number="171" hits="84"/><line number="172" hits="84"/><line number="173" hits="84"/><line number="174" hits="84"/><line number="178" hits="0"/><line number="183" hits="0"/><line number="184" hits="0"/><line number="186" hits="0"/><line number="187" hits="0"/><line number="188" hits="0"/><line number="192" hits="172"/><line number="193" hits="86"/><line number="194" hits="86"/><line number="197" hits="56"/><line number="198" hits="58"/><line number="199" hits="28"/><line number="202" hits="0"/><line number="203" hits="0"/><line number="219" hits="570"/><line number="222" hits="570"/><line number="232" hits="570"/><line number="233" hits="570"/><line number="240" hits="800"/><line number="241" hits="400"/><line number="242" hits="800"/><line number="243" hits="400"/><line number="244" hits="400"/><line number="245" hits="400"/><line number="246" hits="0"/><line number="247" hits="1200"/><line number="248" hits="400"/><line number="251" hits="400"/><line number="252" hits="186"/><line number="253" hits="0"/><line number="254" hits="372"/><line number="255" hits="428"/><line number="259" hits="0"/><line number="260" hits="0"/><line number="261" hits="0"/><line number="263" hits="0"/><line number="264" hits="0"/><line number="267" hits="128"/><line number="268" hits="443"/><line number="270" hits="64"/><line number="271" hits="0"/><line number="272" hits="0"/><line number="273" hits="0"/><line number="274" hits="192"/><line number="278" hits="3112"/><line number="279" hits="3112"/><line number="280" hits="1556"/><line number="281" hits="1556"/><line number="282" hits="1556"/><line number="283" hits="0"/><line number="284" hits="3112"/><line number="287" hits="1556"/><line number="288" hits="682"/><line number="289" hits="0"/><line number="290" hits="1364"/><line number="291" hits="1748"/><line number="295" hits="24"/><line number="296" hits="24"/><line number="297" hits="12"/><line number="298" hits="12"/><line number="299" hits="12"/><line number="300" hits="0"/><line number="301" hits="24"/><line number="304" hits="12"/><line number="305" hits="0"/><line number="306" hits="0"/><line number="307" hits="0"/><line number="308" hits="24"/><line number="312" hits="1996"/><line number="313" hits="1996"/><line number="314" hits="998"/><line number="315" hits="998"/><line number="316" hits="998"/><line number="317" hits="116"/><line number="318" hits="1992"/><line number="321" hits="998"/><line number="322" hits="374"/><line number="323" hits="108"/><line number="324" hits="752"/><line number="325" hits="1256"/><line number="329" hits="0"/><line number="330" hits="0"/><line number="331" hits="0"/><line number="332" hits="0"/><line number="333" hits="0"/><line number="334" hits="0"/><line number="335" hits="0"/><line number="338" hits="0"/><line number="339" hits="0"/><line number="340" hits="0"/><line number="341" hits="0"/><line number="342" hits="0"/><line number="346" hits="324"/><line number="347" hits="538"/><line number="348" hits="89"/><line number="349" hits="89"/><line number="350" hits="89"/><line number="351" hits="89"/><line number="352" hits="89"/><line number="353" hits="89"/><line number="354" hits="0"/><line number="360" hits="136"/><line number="367" hits="136"/><line number="368" hits="136"/><line number="369" hits="136"/><line number="374" hits="338"/><line number="375" hits="338"/><line number="378" hits="0"/><line number="379" hits="0"/><line number="384" hits="338"/><line number="385" hits="338"/><line number="388" hits="0"/><line number="389" hits="0"/><line number="405" hits="166"/><line number="415" hits="166"/><line number="427" hits="676"/><line number="428" hits="839"/><line number="429" hits="284"/><line number="430" hits="284"/><line number="431" hits="284"/><line number="432" hits="284"/><line number="436" hits="388"/><line number="437" hits="388"/><line number="438" hits="194"/><line number="439" hits="194"/><line number="440" hits="194"/><line number="441" hits="194"/><line number="445" hits="92"/><line number="449" hits="276"/><line number="450" hits="276"/><line number="451" hits="184"/><line number="452" hits="184"/><line number="453" hits="184"/><line number="454" hits="184"/><line number="458" hits="92"/><line number="459" hits="0"/><line number="460" hits="184"/><line number="463" hits="0"/><line number="464" hits="0"/><line number="465" hits="0"/><line number="468" hits="428"/><line number="469" hits="214"/><line number="472" hits="0"/><line number="473" hits="0"/><line number="476" hits="0"/><line number="477" hits="0"/></lines></class><class name="s2n" filename="transports/quic/src/stream_layer/s2n.rs" line-rate="0" branch-rate="0" complexity="0"><methods/><lines><line number="49" hits="0"/><line number="50" hits="0"/><line number="51" hits="0"/><line number="52" hits="0"/><line number="53" hits="0"/><line number="54" hits="0"/><line number="55" hits="0"/><line number="56" hits="0"/><line number="57" hits="0"/><line number="58" hits="0"/><line number="70" hits="0"/><line number="71" hits="0"/><line number="78" hits="0"/><line number="79" hits="0"/><line number="80" hits="0"/><line number="81" hits="0"/><line number="82" hits="0"/><line number="83" hits="0"/><line number="84" hits="0"/><line number="85" hits="0"/><line number="87" hits="0"/><line number="88" hits="0"/><line number="89" hits="0"/><line number="90" hits="0"/><line number="92" hits="0"/><line number="93" hits="0"/><line number="94" hits="0"/><line number="95" hits="0"/><line number="96" hits="0"/><line number="97" hits="0"/><line number="99" hits="0"/><line number="100" hits="0"/><line number="101" hits="0"/><line number="102" hits="0"/><line number="104" hits="0"/><line number="107" hits="0"/><line number="108" hits="0"/><line number="109" hits="0"/><line number="110" hits="0"/><line number="112" hits="0"/><line number="119" hits="0"/><line number="125" hits="0"/><line number="127" hits="0"/><line number="130" hits="0"/><line number="146" hits="0"/><line number="147" hits="0"/><line number="148" hits="0"/><line number="149" hits="0"/><line number="150" hits="0"/><line number="151" hits="0"/><line number="152" hits="0"/><line number="156" hits="0"/><line number="157" hits="0"/><line number="160" hits="0"/><line number="161" hits="0"/><line number="178" hits="0"/><line number="179" hits="0"/><line number="180" hits="0"/><line number="181" hits="0"/><line number="182" hits="0"/><line number="183" hits="0"/><line number="184" hits="0"/><line number="185" hits="0"/><line number="186" hits="0"/><line number="187" hits="0"/><line number="196" hits="0"/><line number="197" hits="0"/><line number="199" hits="0"/><line number="200" hits="0"/><line number="201" hits="0"/><line number="205" hits="0"/><line number="207" hits="0"/><line number="210" hits="0"/><line number="212" hits="0"/><line number="215" hits="0"/><line number="216" hits="0"/><line number="239" hits="0"/><line number="240" hits="0"/><line number="253" hits="0"/><line number="254" hits="0"/><line number="255" hits="0"/><line number="257" hits="0"/><line number="259" hits="0"/><line number="260" hits="0"/><line number="261" hits="0"/><line number="262" hits="0"/><line number="263" hits="0"/><line number="264" hits="0"/><line number="265" hits="0"/><line number="266" hits="0"/><line number="267" hits="0"/><line number="271" hits="0"/><line number="272" hits="0"/><line number="273" hits="0"/><line number="275" hits="0"/><line number="277" hits="0"/><line number="278" hits="0"/><line number="279" hits="0"/><line number="280" hits="0"/><line number="281" hits="0"/><line number="282" hits="0"/><line number="284" hits="0"/><line number="291" hits="0"/><line number="292" hits="0"/><line number="293" hits="0"/><line number="296" hits="0"/><line number="297" hits="0"/><line number="298" hits="0"/><line number="301" hits="0"/><line number="302" hits="0"/><line number="303" hits="0"/><line number="304" hits="0"/><line number="308" hits="0"/><line number="309" hits="0"/><line number="310" hits="0"/><line number="311" hits="0"/><line number="312" hits="0"/><line number="315" hits="0"/><line number="316" hits="0"/><line number="330" hits="0"/><line number="331" hits="0"/><line number="333" hits="0"/><line number="343" hits="0"/><line number="344" hits="0"/><line number="347" hits="0"/><line number="348" hits="0"/><line number="353" hits="0"/><line number="354" hits="0"/><line number="357" hits="0"/><line number="358" hits="0"/><line number="365" hits="0"/><line number="366" hits="0"/><line number="367" hits="0"/><line number="368" hits="0"/><line number="369" hits="0"/><line number="370" hits="0"/><line number="371" hits="0"/><line number="372" hits="0"/><line number="373" hits="0"/><line number="376" hits="0"/><line number="377" hits="0"/><line number="378" hits="0"/><line number="379" hits="0"/><line number="380" hits="0"/><line number="384" hits="0"/><line number="385" hits="0"/><line number="388" hits="0"/><line number="389" hits="0"/><line number="391" hits="0"/><line number="392" hits="0"/><line number="393" hits="0"/><line number="394" hits="0"/><line number="395" hits="0"/><line number="399" hits="0"/><line number="400" hits="0"/><line number="402" hits="0"/><line number="403" hits="0"/><line number="404" hits="0"/><line number="405" hits="0"/><line number="406" hits="0"/><line number="410" hits="0"/><line number="411" hits="0"/><line number="413" hits="0"/><line number="414" hits="0"/><line number="415" hits="0"/><line number="416" hits="0"/><line number="417" hits="0"/><line number="421" hits="0"/><line number="422" hits="0"/><line number="424" hits="0"/><line number="425" hits="0"/><line number="426" hits="0"/><line number="427" hits="0"/><line number="428" hits="0"/><line number="432" hits="0"/><line number="433" hits="0"/><line number="435" hits="0"/><line number="436" hits="0"/><line number="437" hits="0"/><line number="438" hits="0"/><line number="439" hits="0"/><line number="443" hits="0"/><line number="444" hits="0"/><line number="456" hits="0"/><line number="457" hits="0"/><line number="458" hits="0"/><line number="462" hits="0"/><line number="463" hits="0"/></lines></class></classes></package><package name="transports/net/tests/main/tests/label" line-rate="0" branch-rate="0" complexity="0"><classes></classes></package><package name="utils/src" line-rate="0.23308270676691728" branch-rate="0" complexity="0"><classes><class name="label" filename="utils/src/label.rs" line-rate="0.336734693877551" branch-rate="0" complexity="0"><methods/><lines><line number="37" hits="140"/><line number="38" hits="140"/><line number="43" hits="1186"/><line number="44" hits="1186"/><line number="45" hits="148"/><line number="47" hits="1038"/><line number="53" hits="0"/><line number="54" hits="0"/><line number="59" hits="334"/><line number="60" hits="334"/><line number="65" hits="768"/><line number="66" hits="768"/><line number="71" hits="1576"/><line number="72" hits="1576"/><line number="77" hits="1372"/><line number="78" hits="1372"/><line number="113" hits="0"/><line number="114" hits="0"/><line number="119" hits="0"/><line number="120" hits="0"/><line number="125" hits="0"/><line number="126" hits="0"/><line number="131" hits="384"/><line number="132" hits="384"/><line number="137" hits="0"/><line number="138" hits="0"/><line number="143" hits="0"/><line number="144" hits="0"/><line number="149" hits="0"/><line number="150" hits="0"/><line number="155" hits="0"/><line number="156" hits="0"/><line number="163" hits="0"/><line number="164" hits="0"/><line number="171" hits="38"/><line number="172" hits="38"/><line number="173" hits="0"/><line number="175" hits="38"/><line number="182" hits="38"/><line number="183" hits="38"/><line number="190" hits="0"/><line number="191" hits="0"/><line number="192" hits="0"/><line number="194" hits="0"/><line number="201" hits="334"/><line number="202" hits="334"/><line number="203" hits="0"/><line number="205" hits="334"/><line number="206" hits="334"/><line number="207" hits="0"/><line number="215" hits="206"/><line number="216" hits="206"/><line number="223" hits="0"/><line number="224" hits="0"/><line number="225" hits="0"/><line number="227" hits="0"/><line number="228" hits="0"/><line number="229" hits="0"/><line number="237" hits="0"/><line number="238" hits="0"/><line number="239" hits="0"/><line number="241" hits="0"/><line number="242" hits="0"/><line number="243" hits="0"/><line number="251" hits="0"/><line number="252" hits="0"/><line number="253" hits="0"/><line number="255" hits="0"/><line number="256" hits="0"/><line number="257" hits="0"/><line number="263" hits="0"/><line number="264" hits="0"/><line number="269" hits="0"/><line number="270" hits="0"/><line number="304" hits="0"/><line number="309" hits="0"/><line number="316" hits="0"/><line number="320" hits="0"/><line number="321" hits="0"/><line number="324" hits="0"/><line number="325" hits="0"/><line number="326" hits="0"/><line number="328" hits="0"/><line number="329" hits="0"/><line number="330" hits="0"/><line number="331" hits="0"/><line number="333" hits="0"/><line number="334" hits="0"/><line number="342" hits="390"/><line number="343" hits="390"/><line number="344" hits="56"/><line number="346" hits="334"/><line number="347" hits="334"/><line number="348" hits="334"/><line number="362" hits="0"/><line number="363" hits="0"/><line number="368" hits="0"/><line number="369" hits="0"/></lines></class><class name="lib" filename="utils/src/lib.rs" line-rate="0.4489795918367347" branch-rate="0" complexity="0"><methods/><lines><line number="26" hits="120"/><line number="27" hits="120"/><line number="33" hits="456"/><line number="34" hits="456"/><line number="38" hits="442"/><line number="39" hits="442"/><line number="44" hits="372"/><line number="45" hits="744"/><line number="50" hits="0"/><line number="51" hits="0"/><line number="52" hits="0"/><line number="53" hits="0"/><line number="59" hits="0"/><line number="60" hits="0"/><line number="65" hits="0"/><line number="66" hits="0"/><line number="73" hits="3280"/><line number="74" hits="3280"/><line number="79" hits="1980"/><line number="80" hits="1980"/><line number="85" hits="0"/><line number="86" hits="0"/><line number="91" hits="0"/><line number="92" hits="0"/><line number="97" hits="18"/><line number="98" hits="18"/><line number="103" hits="0"/><line number="104" hits="0"/><line number="109" hits="346"/><line number="110" hits="346"/><line number="118" hits="590"/><line number="119" hits="590"/><line number="127" hits="0"/><line number="141" hits="138"/><line number="142" hits="138"/><line number="143" hits="258"/><line number="144" hits="18"/><line number="151" hits="0"/><line number="152" hits="0"/><line number="153" hits="0"/><line number="154" hits="0"/><line number="161" hits="0"/><line number="162" hits="0"/><line number="163" hits="0"/><line number="164" hits="0"/><line number="171" hits="0"/><line number="184" hits="0"/><line number="197" hits="0"/><line number="210" hits="0"/></lines></class><class name="net" filename="utils/src/net.rs" line-rate="0.058823529411764705" branch-rate="0" complexity="0"><methods/><lines><line number="22" hits="0"/><line number="23" hits="0"/><line number="31" hits="58"/><line number="39" hits="0"/><line number="41" hits="0"/><line number="47" hits="0"/><line number="48" hits="0"/><line number="52" hits="0"/><line number="53" hits="0"/><line number="54" hits="0"/><line number="55" hits="0"/><line number="56" hits="0"/><line number="60" hits="0"/><line number="61" hits="0"/><line number="67" hits="0"/><line number="68" hits="0"/><line number="69" hits="0"/><line number="74" hits="0"/><line number="75" hits="0"/><line number="76" hits="0"/><line number="79" hits="0"/><line number="83" hits="0"/><line number="84" hits="0"/><line number="85" hits="0"/><line number="87" hits="0"/><line number="91" hits="98"/><line number="92" hits="98"/><line number="93" hits="98"/><line number="95" hits="196"/><line number="99" hits="98"/><line number="100" hits="98"/><line number="104" hits="0"/><line number="105" hits="0"/><line number="109" hits="0"/><line number="110" hits="0"/><line number="114" hits="0"/><line number="117" hits="0"/><line number="118" hits="0"/><line number="119" hits="0"/><line number="121" hits="0"/><line number="122" hits="0"/><line number="129" hits="0"/><line number="131" hits="0"/><line number="138" hits="0"/><line number="139" hits="0"/><line number="140" hits="0"/><line number="141" hits="0"/><line number="144" hits="0"/><line number="153" hits="0"/><line number="154" hits="0"/><line number="155" hits="0"/><line number="156" hits="0"/><line number="158" hits="0"/><line number="159" hits="0"/><line number="168" hits="0"/><line number="169" hits="0"/><line number="170" hits="0"/><line number="171" hits="0"/><line number="173" hits="0"/><line number="174" hits="0"/><line number="192" hits="0"/><line number="193" hits="0"/><line number="199" hits="0"/><line number="200" hits="0"/><line number="206" hits="0"/><line number="207" hits="0"/><line number="208" hits="0"/><line number="209" hits="0"/><line number="216" hits="0"/><line number="217" hits="0"/><line number="223" hits="0"/><line number="224" hits="0"/><line number="230" hits="0"/><line number="231" hits="0"/><line number="258" hits="0"/><line number="259" hits="0"/><line number="270" hits="0"/><line number="271" hits="0"/><line number="280" hits="0"/><line number="281" hits="0"/><line number="295" hits="0"/><line number="296" hits="0"/><line number="297" hits="0"/><line number="298" hits="0"/><line number="299" hits="0"/><line number="300" hits="0"/><line number="330" hits="0"/><line number="331" hits="0"/><line number="332" hits="0"/><line number="333" hits="0"/><line number="334" hits="0"/><line number="335" hits="0"/><line number="337" hits="0"/><line number="338" hits="0"/><line number="339" hits="0"/><line number="340" hits="0"/><line number="341" hits="0"/><line number="380" hits="0"/><line number="381" hits="0"/><line number="391" hits="0"/><line number="392" hits="0"/><line number="403" hits="0"/><line number="404" hits="0"/><line number="436" hits="0"/><line number="437" hits="0"/><line number="438" hits="0"/><line number="440" hits="0"/><line number="442" hits="0"/><line number="444" hits="0"/><line number="446" hits="0"/><line number="447" hits="0"/><line number="449" hits="0"/><line number="451" hits="0"/><line number="453" hits="0"/><line number="455" hits="0"/><line number="457" hits="0"/><line number="459" hits="0"/><line number="460" hits="0"/><line number="461" hits="0"/></lines></class></classes></package><package name="core/src/state" line-rate="0.029292107404393815" branch-rate="0" complexity="0"><classes><class name="ack_manager" filename="core/src/state/ack_manager.rs" line-rate="0.5901639344262295" branch-rate="0" complexity="0"><methods/><lines><line number="35" hits="58"/><line number="36" hits="58"/><line number="40" hits="100"/><line number="41" hits="50"/><line number="42" hits="100"/><line number="43" hits="0"/><line number="44" hits="52"/><line number="49" hits="0"/><line number="50" hits="0"/><line number="51" hits="0"/><line number="53" hits="0"/><line number="54" hits="0"/><line number="55" hits="0"/><line number="56" hits="0"/><line number="61" hits="2"/><line number="67" hits="2"/><line number="68" hits="2"/><line number="69" hits="2"/><line number="70" hits="2"/><line number="71" hits="2"/><line number="72" hits="2"/><line number="73" hits="2"/><line number="74" hits="2"/><line number="75" hits="0"/><line number="85" hits="48"/><line number="96" hits="48"/><line number="97" hits="96"/><line number="98" hits="96"/><line number="99" hits="48"/><line number="100" hits="48"/><line number="101" hits="48"/><line number="102" hits="48"/><line number="103" hits="48"/><line number="104" hits="48"/><line number="105" hits="48"/><line number="111" hits="48"/><line number="112" hits="0"/><line number="113" hits="0"/><line number="114" hits="0"/><line number="115" hits="0"/><line number="116" hits="0"/><line number="117" hits="0"/><line number="124" hits="48"/><line number="125" hits="48"/><line number="126" hits="48"/><line number="127" hits="48"/><line number="128" hits="48"/><line number="129" hits="48"/><line number="130" hits="48"/><line number="131" hits="0"/><line number="132" hits="0"/><line number="133" hits="0"/><line number="134" hits="0"/><line number="135" hits="0"/><line number="136" hits="0"/><line number="137" hits="0"/><line number="138" hits="0"/><line number="146" hits="48"/><line number="147" hits="48"/><line number="151" hits="0"/><line number="152" hits="0"/></lines></class><class name="tests" filename="core/src/state/tests.rs" line-rate="0" branch-rate="0" complexity="0"><methods/><lines><line number="30" hits="0"/><line number="43" hits="0"/><line number="46" hits="0"/><line number="58" hits="0"/><line number="59" hits="0"/><line number="60" hits="0"/><line number="64" hits="0"/><line number="72" hits="0"/><line number="73" hits="0"/><line number="74" hits="0"/><line number="75" hits="0"/><line number="77" hits="0"/><line number="80" hits="0"/><line number="84" hits="0"/><line number="85" hits="0"/><line number="90" hits="0"/><line number="94" hits="0"/><line number="95" hits="0"/><line number="100" hits="0"/><line number="103" hits="0"/><line number="106" hits="0"/><line number="107" hits="0"/><line number="108" hits="0"/><line number="109" hits="0"/><line number="112" hits="0"/><line number="113" hits="0"/><line number="114" hits="0"/><line number="115" hits="0"/><line number="119" hits="0"/><line number="132" hits="0"/><line number="133" hits="0"/><line number="134" hits="0"/><line number="135" hits="0"/><line number="137" hits="0"/><line number="140" hits="0"/><line number="142" hits="0"/><line number="146" hits="0"/><line number="147" hits="0"/><line number="152" hits="0"/><line number="156" hits="0"/><line number="157" hits="0"/><line number="162" hits="0"/><line number="166" hits="0"/><line number="167" hits="0"/><line number="172" hits="0"/><line number="176" hits="0"/><line number="177" hits="0"/><line number="181" hits="0"/><line number="184" hits="0"/><line number="185" hits="0"/><line number="186" hits="0"/><line number="188" hits="0"/><line number="189" hits="0"/><line number="191" hits="0"/><line number="194" hits="0"/><line number="195" hits="0"/><line number="196" hits="0"/><line number="197" hits="0"/><line number="198" hits="0"/><line number="199" hits="0"/><line number="200" hits="0"/><line number="201" hits="0"/><line number="203" hits="0"/><line number="204" hits="0"/><line number="207" hits="0"/><line number="20
[...]
"0"/><line number="760" hits="0"/><line number="761" hits="0"/><line number="762" hits="0"/><line number="763" hits="0"/><line number="764" hits="0"/><line number="765" hits="0"/><line number="766" hits="0"/><line number="767" hits="0"/><line number="769" hits="0"/><line number="773" hits="0"/><line number="774" hits="0"/><line number="775" hits="0"/><line number="776" hits="0"/><line number="777" hits="0"/><line number="778" hits="0"/><line number="779" hits="0"/><line number="780" hits="0"/><line number="782" hits="0"/><line number="786" hits="0"/><line number="787" hits="0"/><line number="790" hits="0"/><line number="793" hits="0"/><line number="794" hits="0"/><line number="797" hits="0"/><line number="798" hits="0"/><line number="801" hits="0"/><line number="802" hits="0"/><line number="805" hits="0"/><line number="806" hits="0"/><line number="809" hits="0"/><line number="810" hits="0"/><line number="813" hits="0"/><line number="815" hits="0"/><line number="816" hits="0"/><line number="819" hits="0"/><line number="820" hits="0"/><line number="823" hits="0"/><line number="827" hits="0"/><line number="834" hits="0"/><line number="835" hits="0"/><line number="837" hits="0"/><line number="838" hits="0"/><line number="842" hits="0"/><line number="843" hits="0"/><line number="845" hits="0"/><line number="847" hits="0"/><line number="848" hits="0"/><line number="850" hits="0"/><line number="851" hits="0"/><line number="853" hits="0"/><line number="855" hits="0"/><line number="858" hits="0"/><line number="859" hits="0"/><line number="861" hits="0"/><line number="862" hits="0"/><line number="863" hits="0"/><line number="864" hits="0"/><line number="876" hits="0"/><line number="877" hits="0"/><line number="878" hits="0"/><line number="879" hits="0"/><line number="880" hits="0"/><line number="893" hits="0"/><line number="898" hits="0"/><line number="899" hits="0"/><line number="900" hits="0"/><line number="905" hits="0"/><line number="916" hits="0"/><line number="917" hits="0"/><line number="918" hits="0"/><line number="920" hits="0"/><line number="923" hits="0"/><line number="924" hits="0"/><line number="928" hits="0"/><line number="929" hits="0"/><line number="932" hits="0"/><line number="934" hits="0"/><line number="937" hits="0"/><line number="939" hits="0"/><line number="940" hits="0"/><line number="942" hits="0"/><line number="943" hits="0"/><line number="944" hits="0"/><line number="958" hits="0"/><line number="959" hits="0"/><line number="960" hits="0"/><line number="961" hits="0"/><line number="962" hits="0"/><line number="963" hits="0"/><line number="976" hits="0"/><line number="977" hits="0"/><line number="980" hits="0"/><line number="986" hits="0"/><line number="987" hits="0"/><line number="988" hits="0"/><line number="989" hits="0"/><line number="994" hits="0"/><line number="1001" hits="0"/><line number="1003" hits="0"/><line number="1004" hits="0"/><line number="1005" hits="0"/><line number="1007" hits="0"/><line number="1011" hits="0"/><line number="1012" hits="0"/><line number="1013" hits="0"/><line number="1015" hits="0"/><line number="1019" hits="0"/><line number="1020" hits="0"/><line number="1023" hits="0"/><line number="1025" hits="0"/><line number="1026" hits="0"/><line number="1028" hits="0"/><line number="1030" hits="0"/><line number="1031" hits="0"/><line number="1033" hits="0"/><line number="1035" hits="0"/><line number="1036" hits="0"/><line number="1037" hits="0"/><line number="1038" hits="0"/><line number="1039" hits="0"/><line number="1041" hits="0"/><line number="1042" hits="0"/><line number="1044" hits="0"/><line number="1045" hits="0"/><line number="1046" hits="0"/><line number="1050" hits="0"/><line number="1054" hits="0"/><line number="1062" hits="0"/><line number="1063" hits="0"/><line number="1064" hits="0"/><line number="1065" hits="0"/><line number="1066" hits="0"/><line number="1067" hits="0"/><line number="1068" hits="0"/><line number="1069" hits="0"/><line number="1073" hits="0"/><line number="1075" hits="0"/><line number="1078" hits="0"/><line number="1083" hits="0"/><line number="1084" hits="0"/><line number="1085" hits="0"/><line number="1086" hits="0"/><line number="1087" hits="0"/><line number="1088" hits="0"/><line number="1090" hits="0"/><line number="1091" hits="0"/><line number="1093" hits="0"/><line number="1096" hits="0"/><line number="1104" hits="0"/><line number="1105" hits="0"/><line number="1106" hits="0"/><line number="1107" hits="0"/><line number="1109" hits="0"/><line number="1110" hits="0"/><line number="1113" hits="0"/></lines></class></classes></package><package name="transports/quic/tests" line-rate="1" branch-rate="0" complexity="0"><classes></classes></package><package name="transports/quic/src/stream_layer/s2n" line-rate="0" branch-rate="0" complexity="0"><classes><class name="options" filename="transports/quic/src/stream_layer/s2n/options.rs" line-rate="0" branch-rate="0" complexity="0"><methods/><lines><line number="115" hits="0"/><line number="119" hits="0"/><line number="122" hits="0"/><line number="133" hits="0"/><line number="134" hits="0"/><line number="135" hits="0"/><line number="136" hits="0"/><line number="137" hits="0"/><line number="138" hits="0"/><line number="139" hits="0"/></lines></class></classes></package><package name="transports/quic/src/tests" line-rate="0.6824146981627297" branch-rate="0" complexity="0"><classes><class name="handle_compound_ping" filename="transports/quic/src/tests/handle_compound_ping.rs" line-rate="0.6666666666666666" branch-rate="0" complexity="0"><methods/><lines><line number="8" hits="2"/><line number="15" hits="2"/><line number="16" hits="4"/><line number="18" hits="0"/><line number="19" hits="0"/><line number="20" hits="0"/><line number="22" hits="0"/><line number="23" hits="2"/><line number="24" hits="0"/><line number="25" hits="2"/><line number="26" hits="4"/><line number="27" hits="0"/><line number="28" hits="2"/><line number="30" hits="2"/><line number="34" hits="4"/><line number="35" hits="18"/><line number="36" hits="4"/><line number="37" hits="2"/></lines></class><class name="handle_indirect_ping" filename="transports/quic/src/tests/handle_indirect_ping.rs" line-rate="0.625" branch-rate="0" complexity="0"><methods/><lines><line number="8" hits="2"/><line number="15" hits="2"/><line number="16" hits="4"/><line number="18" hits="0"/><line number="19" hits="0"/><line number="20" hits="0"/><line number="21" hits="0"/><line number="22" hits="2"/><line number="23" hits="0"/><line number="24" hits="2"/><line number="25" hits="4"/><line number="26" hits="0"/><line number="27" hits="2"/><line number="29" hits="2"/><line number="32" hits="17"/><line number="33" hits="2"/></lines></class><class name="handle_ping_wrong_node" filename="transports/quic/src/tests/handle_ping_wrong_node.rs" line-rate="0.625" branch-rate="0" complexity="0"><methods/><lines><line number="8" hits="2"/><line number="15" hits="2"/><line number="16" hits="4"/><line number="18" hits="0"/><line number="19" hits="0"/><line number="20" hits="0"/><line number="21" hits="0"/><line number="22" hits="2"/><line number="23" hits="0"/><line number="24" hits="2"/><line number="25" hits="4"/><line number="26" hits="0"/><line number="27" hits="2"/><line number="29" hits="2"/><line number="32" hits="14"/><line number="33" hits="2"/></lines></class><class name="join" filename="transports/quic/src/tests/join.rs" line-rate="0.7333333333333333" branch-rate="0" complexity="0"><methods/><lines><line number="9" hits="2"/><line number="19" hits="2"/><line number="20" hits="4"/><line number="22" hits="0"/><line number="24" hits="0"/><line number="25" hits="0"/><line number="26" hits="2"/><line number="27" hits="0"/><line number="29" hits="2"/><line number="31" hits="2"/><line number="32" hits="2"/><line number="34" hits="2"/><line number="35" hits="2"/><line number="37" hits="24"/><line number="38" hits="2"/></lines></class><class name="join_dead_node" filename="transports/quic/src/tests/join_dead_node.rs" line-rate="0.6666666666666666" branch-rate="0" complexity="0"><methods/><lines><line number="8" hits="2"/><line number="21" hits="2"/><line number="22" hits="4"/><line number="24" hits="0"/><line number="25" hits="0"/><line number="26" hits="2"/><line number="27" hits="0"/><line number="29" hits="11"/><line number="30" hits="2"/></lines></class><class name="packet_piggyback" filename="transports/quic/src/tests/packet_piggyback.rs" line-rate="0.71875" branch-rate="0" complexity="0"><methods/><lines><line number="9" hits="2"/><line number="16" hits="2"/><line number="17" hits="4"/><line number="19" hits="0"/><line number="20" hits="0"/><line number="21" hits="0"/><line number="22" hits="0"/><line number="23" hits="2"/><line number="24" hits="0"/><line number="25" hits="2"/><line number="26" hits="4"/><line number="27" hits="0"/><line number="28" hits="2"/><line number="30" hits="2"/><line number="33" hits="4"/><line number="34" hits="2"/><line number="35" hits="2"/><line number="36" hits="2"/><line number="37" hits="2"/><line number="38" hits="2"/><line number="39" hits="2"/><line number="41" hits="2"/><line number="42" hits="2"/><line number="43" hits="2"/><line number="44" hits="4"/><line number="46" hits="0"/><line number="47" hits="0"/><line number="48" hits="0"/><line number="49" hits="2"/><line number="50" hits="2"/><line number="52" hits="14"/><line number="53" hits="2"/></lines></class><class name="promised_ping" filename="transports/quic/src/tests/promised_ping.rs" line-rate="0.7543859649122807" branch-rate="0" complexity="0"><methods/><lines><line number="9" hits="2"/><line number="20" hits="2"/><line number="21" hits="4"/><line number="23" hits="0"/><line number="24" hits="0"/><line number="25" hits="0"/><line number="26" hits="0"/><line number="27" hits="2"/><line number="28" hits="0"/><line number="29" hits="22"/><line number="30" hits="2"/><line number="34" hits="2"/><line number="45" hits="2"/><line number="47" hits="2"/><line number="48" hits="2"/><line number="49" hits="2"/><line number="50" hits="2"/><line number="51" hits="2"/><line number="52" hits="20"/><line number="53" hits="2"/><line number="57" hits="2"/><line number="68" hits="2"/><line number="70" hits="2"/><line number="71" hits="2"/><line number="72" hits="2"/><line number="73" hits="4"/><line number="74" hits="0"/><line number="76" hits="22"/><line number="77" hits="2"/><line number="81" hits="2"/><line number="92" hits="2"/><line number="93" hits="4"/><line number="95" hits="0"/><line number="96" hits="0"/><line number="97" hits="0"/><line number="98" hits="0"/><line number="99" hits="2"/><line number="100" hits="0"/><line number="102" hits="21"/><line number="103" hits="2"/><line number="106" hits="2"/><line number="117" hits="2"/><line number="119" hits="2"/><line number="120" hits="2"/><line number="121" hits="2"/><line number="122" hits="2"/><line number="123" hits="22"/><line number="124" hits="2"/><line number="127" hits="2"/><line number="138" hits="2"/><line number="139" hits="4"/><line number="141" hits="0"/><line number="142" hits="0"/><line number="143" hits="2"/><line number="144" hits="0"/><line number="146" hits="22"/><line number="147" hits="2"/></lines></class><class name="promised_push_pull" filename="transports/quic/src/tests/promised_push_pull.rs" line-rate="0.47368421052631576" branch-rate="0" complexity="0"><methods/><lines><line number="9" hits="0"/><line number="20" hits="0"/><line number="21" hits="0"/><line number="23" hits="0"/><line number="24" hits="0"/><line number="25" hits="0"/><line number="27" hits="0"/><line number="28" hits="0"/><line number="29" hits="0"/><line number="30" hits="0"/><line number="31" hits="0"/><line number="35" hits="0"/><line number="46" hits="0"/><line number="47" hits="0"/><line number="48" hits="0"/><line number="49" hits="0"/><line number="50" hits="0"/><line number="51" hits="0"/><line number="52" hits="0"/><line number="53" hits="0"/><line number="57" hits="2"/><line number="68" hits="2"/><line number="70" hits="2"/><line number="71" hits="2"/><line number="72" hits="2"/><line number="73" hits="4"/><line number="74" hits="0"/><line number="76" hits="16"/><line number="77" hits="2"/><line number="81" hits="2"/><line number="92" hits="2"/><line number="93" hits="4"/><line number="95" hits="0"/><line number="96" hits="0"/><line number="97" hits="0"/><line number="98" hits="0"/><line number="99" hits="2"/><line number="100" hits="0"/><line number="102" hits="14"/><line number="103" hits="2"/><line number="106" hits="2"/><line number="117" hits="2"/><line number="119" hits="2"/><line number="120" hits="2"/><line number="121" hits="4"/><line number="122" hits="0"/><line number="124" hits="13"/><line number="125" hits="2"/><line number="128" hits="2"/><line number="139" hits="2"/><line number="140" hits="4"/><line number="142" hits="0"/><line number="143" hits="0"/><line number="144" hits="2"/><line number="145" hits="0"/><line number="147" hits="10"/><line number="148" hits="2"/></lines></class><class name="send" filename="transports/quic/src/tests/send.rs" line-rate="0.7058823529411765" branch-rate="0" complexity="0"><methods/><lines><line number="9" hits="2"/><line number="19" hits="2"/><line number="20" hits="4"/><line number="22" hits="0"/><line number="23" hits="0"/><line number="24" hits="0"/><line number="25" hits="0"/><line number="26" hits="2"/><line number="27" hits="0"/><line number="29" hits="2"/><line number="30" hits="2"/><line number="31" hits="2"/><line number="32" hits="2"/><line number="34" hits="2"/><line number="35" hits="2"/><line number="37" hits="31"/><line number="38" hits="2"/></lines></class></classes></package><package name="transports/net/tests/main/async_std" line-rate="0" branch-rate="0" complexity="0"><classes></classes></package><package name="memberlist/src" line-rate="0" branch-rate="0" complexity="0"><classes></classes></package><package name="transports/quic/tests/main/quinn" line-rate="1" branch-rate="0" complexity="0"><classes><class name="handle_compound_ping" filename="transports/quic/tests/main/quinn/handle_compound_ping.rs" line-rate="1" branch-rate="0" complexity="0"><methods/><lines><line number="5" hits="4"/><line number="6" hits="4"/></lines></class><class name="handle_indirect_ping" filename="transports/quic/tests/main/quinn/handle_indirect_ping.rs" line-rate="1" branch-rate="0" complexity="0"><methods/><lines><line number="5" hits="4"/><line number="6" hits="4"/></lines></class><class name="handle_ping_no_label_no_compression" filename="transports/quic/tests/main/quinn/handle_ping_no_label_no_compression.rs" line-rate="1" branch-rate="0" complexity="0"><methods/><lines><line number="5" hits="4"/><line number="6" hits="4"/></lines></class><class name="handle_ping_no_label_with_compression" filename="transports/quic/tests/main/quinn/handle_ping_no_label_with_compression.rs" line-rate="1" branch-rate="0" complexity="0"><methods/><lines><line number="5" hits="12"/><line number="6" hits="12"/></lines></class><class name="handle_ping_with_label_and_compression" filename="transports/quic/tests/main/quinn/handle_ping_with_label_and_compression.rs" line-rate="1" branch-rate="0" complexity="0"><methods/><lines><line number="5" hits="12"/><line number="6" hits="12"/></lines></class><class name="handle_ping_with_label_no_compression" filename="transports/quic/tests/main/quinn/handle_ping_with_label_no_compression.rs" line-rate="1" branch-rate="0" complexity="0"><methods/><lines><line number="5" hits="12"/><line number="6" hits="12"/></lines></class><class name="handle_ping_wrong_node" filename="transports/quic/tests/main/quinn/handle_ping_wrong_node.rs" line-rate="1" branch-rate="0" complexity="0"><methods/><lines><line number="5" hits="4"/><line number="6" hits="4"/></lines></class><class name="join" filename="transports/quic/tests/main/quinn/join.rs" line-rate="1" branch-rate="0" complexity="0"><methods/><lines><line number="5" hits="4"/><line number="6" hits="4"/></lines></class><class name="join_dead_node" filename="transports/quic/tests/main/quinn/join_dead_node.rs" line-rate="1" branch-rate="0" complexity="0"><methods/><lines><line number="5" hits="4"/><line number="6" hits="4"/></lines></class><class name="piggyback" filename="transports/quic/tests/main/quinn/piggyback.rs" line-rate="1" branch-rate="0" complexity="0"><methods/><lines><line number="5" hits="4"/><line number="6" hits="4"/></lines></class><class name="promised_ping" filename="transports/quic/tests/main/quinn/promised_ping.rs" line-rate="1" branch-rate="0" complexity="0"><methods/><lines><line number="5" hits="24"/><line number="6" hits="24"/></lines></class><class name="promised_push_pull" filename="transports/quic/tests/main/quinn/promised_push_pull.rs" line-rate="1" branch-rate="0" complexity="0"><methods/><lines><line number="5" hits="16"/><line number="6" hits="16"/></lines></class><class name="send" filename="transports/quic/tests/main/quinn/send.rs" line-rate="1" branch-rate="0" complexity="0"><methods/><lines><line number="5" hits="4"/><line number="6" hits="4"/></lines></class></classes></package><package name="memberlist/tests/main/quic" line-rate="0" branch-rate="0" complexity="0"><classes><class name="join_different_networks_multi_masks" filename="memberlist/tests/main/quic/join_different_networks_multi_masks.rs" line-rate="0" branch-rate="0" complexity="0"><methods/><lines><line number="22" hits="0"/><line number="23" hits="0"/><line number="24" hits="0"/><line number="28" hits="0"/><line number="29" hits="0"/><line number="32" hits="0"/><line number="33" hits="0"/><line number="36" hits="0"/><line number="39" hits="0"/><line number="43" hits="0"/><line number="44" hits="0"/><line number="45" hits="0"/><line number="48" hits="0"/><line number="51" hits="0"/><line number="53" hits="0"/><line number="58" hits="0"/><line number="59" hits="0"/><line number="63" hits="0"/><line number="64" hits="0"/><line number="66" hits="0"/><line number="69" hits="0"/><line number="70" hits="0"/></lines></class><class name="join_different_networks_unique_mask" filename="memberlist/tests/main/quic/join_different_networks_unique_mask.rs" line-rate="0" branch-rate="0" complexity="0"><methods/><lines><line number="23" hits="0"/><line number="24" hits="0"/><line number="25" hits="0"/><line number="29" hits="0"/><line number="30" hits="0"/><line number="34" hits="0"/><line number="35" hits="0"/><line number="38" hits="0"/><line number="41" hits="0"/></lines></class><class name="join_with_labels_and_compression" filename="memberlist/tests/main/quic/join_with_labels_and_compression.rs" line-rate="0" branch-rate="0" complexity="0"><methods/><lines><line number="23" hits="0"/><line number="25" hits="0"/><line number="26" hits="0"/><line number="28" hits="0"/><line number="31" hits="0"/><line number="32" hits="0"/><line number="34" hits="0"/><line number="38" hits="0"/><line number="39" hits="0"/><line number="41" hits="0"/><line number="43" hits="0"/><line number="44" hits="0"/><line number="46" hits="0"/><line number="47" hits="0"/><line number="51" hits="0"/><line number="52" hits="0"/><line number="54" hits="0"/><line number="56" hits="0"/><line number="58" hits="0"/><line number="59" hits="0"/><line number="61" hits="0"/><line number="62" hits="0"/><line number="64" hits="0"/><line number="65" hits="0"/><line number="68" hits="0"/><line number="70" hits="0"/><line number="71" hits="0"/><line number="73" hits="0"/><line number="75" hits="0"/><line number="77" hits="0"/><line number="78" hits="0"/><line number="80" hits="0"/><line number="81" hits="0"/><line number="83" hits="0"/><line number="84" hits="0"/><line number="86" hits="0"/><line number="87" hits="0"/><line number="89" hits="0"/><line number="90" hits="0"/><line number="91" hits="0"/><line number="92" hits="0"/></lines></class></classes></package><package name="transports/net/tests" line-rate="0" branch-rate="0" complexity="0"><classes></classes></package></packages></coverage>